<?xml version="1.0" encoding="UTF-8"?>
<testng-results skipped="0" failed="0" ignored="0" total="2" passed="2">
  <reporter-output>
  </reporter-output>
  <suite name="Surefire suite" duration-ms="2212" started-at="2018-01-17T15:30:17Z" finished-at="2018-01-17T15:30:20Z">
    <groups>
      <group name="cucumber">
        <method signature="AbstractTestNGCucumberTests.feature(cucumber.api.testng.CucumberFeatureWrapper)[pri:0, instance:runner.TestRunner@3a03464]" name="feature" class="cucumber.api.testng.AbstractTestNGCucumberTests"/>
      </group> <!-- cucumber -->
    </groups>
    <test name="Surefire test" duration-ms="2212" started-at="2018-01-17T15:30:17Z" finished-at="2018-01-17T15:30:20Z">
      <class name="runner.TestRunner">
        <test-method status="PASS" signature="setUpClass()[pri:0, instance:runner.TestRunner@3a03464]" name="setUpClass" is-config="true" duration-ms="473" started-at="2018-01-17T17:30:17Z" finished-at="2018-01-17T17:30:18Z">
          <reporter-output>
          </reporter-output>
        </test-method> <!-- setUpClass -->
        <test-method status="PASS" signature="feature(cucumber.api.testng.CucumberFeatureWrapper)[pri:0, instance:runner.TestRunner@3a03464]" name="feature" duration-ms="414" started-at="2018-01-17T17:30:18Z" description="Runs Cucumber Feature" data-provider="features" finished-at="2018-01-17T17:30:18Z">
          <params>
            <param index="0">
              <value>
                <![CDATA[LoginFeature]]>
              </value>
            </param>
          </params>
          <reporter-output>
          </reporter-output>
        </test-method> <!-- feature -->
        <test-method status="PASS" signature="feature(cucumber.api.testng.CucumberFeatureWrapper)[pri:0, instance:runner.TestRunner@3a03464]" name="feature" duration-ms="616" started-at="2018-01-17T17:30:18Z" description="Runs Cucumber Feature" data-provider="features" finished-at="2018-01-17T17:30:19Z">
          <params>
            <param index="0">
              <value>
                <![CDATA[RegistrationFeature]]>
              </value>
            </param>
          </params>
          <reporter-output>
          </reporter-output>
        </test-method> <!-- feature -->
        <test-method status="PASS" signature="tearDownClass()[pri:0, instance:runner.TestRunner@3a03464]" name="tearDownClass" is-config="true" duration-ms="552" started-at="2018-01-17T17:30:19Z" finished-at="2018-01-17T17:30:20Z">
          <reporter-output>
          </reporter-output>
        </test-method> <!-- tearDownClass -->
      </class> <!-- runner.TestRunner -->
    </test> <!-- Surefire test -->
  </suite> <!-- Surefire suite -->
</testng-results>
